<?xml version="1.0" encoding="UTF-8"?>
<testsuite xmlns:xsi="http://www.w3.org/2001/XMLSchema-instance" xsi:noNamespaceSchemaLocation="https://maven.apache.org/surefire/maven-failsafe-plugin/xsd/failsafe-test-report-3.0.xsd" version="3.0" name="Tests.PeopleTest" time="9.932" tests="4" errors="0" skipped="0" failures="0">
  <properties>
[...]
</properties>
  <testcase name="getTranslations" classname="Tests.PeopleTest" time="0.108">
    <system-out><![CDATA[HTTP/1.1 200 OK
Content-Type: application/json;charset=utf-8
Transfer-Encoding: chunked
Connection: keep-alive
Date: Mon, 31 Aug 2020 21:57:03 GMT
Server: openresty
Access-Control-Allow-Origin: *
Access-Control-Allow-Methods: GET, HEAD, POST, PUT, DELETE, OPTIONS
Access-Control-Expose-Headers: ETag, X-RateLimit-Limit, X-RateLimit-Remaining, X-RateLimit-Reset, Retry-After, Content-Length, Content-Range
Cache-Control: public, max-age=7200
Content-Encoding: gzip
Vary: Accept-Encoding
X-Cache: Hit from cloudfront
Via: 1.1 00b260da6f81df3ba2b21777161e1986.cloudfront.net (CloudFront)
X-Amz-Cf-Pop: BOG50-C1
X-Amz-Cf-Id: dX0vEl0dTIUFPOEuknto6dOBeoGE7fVsK_dyhNYrMCKwWkHFQUiJzw==
Age: 635

{
    "translations": [
        {
            "iso_639_1": "de",
            "iso_3166_1": "DE",
            "name": "Deutsch",
            "data": {
                "biography": ""
            },
            "english_name": "de"
        },
        {
            "iso_639_1": "en",
            "iso_3166_1": "US",
            "name": "English",
            "data": {
                "biography": "Lyriq Bent is a Jamaican-born Canadian film and television actor, best known for playing SWAT Team Leader Daniel Rigg in the feature film franchise \"Saw\", and Staff Sergeant Frank Best in the television series \"Rookie Blue\"."
            },
            "english_name": "en"
        }
    ],
    "id": 2687
}
]]></system-out>
  </testcase>
  <testcase name="getImagen" classname="Tests.PeopleTest" time="0.139">
    <system-out><![CDATA[HTTP/1.1 200 OK
Content-Type: application/json;charset=utf-8
Transfer-Encoding: chunked
Connection: keep-alive
Date: Mon, 31 Aug 2020 21:57:03 GMT
Server: openresty
Access-Control-Allow-Origin: *
Access-Control-Allow-Methods: GET, HEAD, POST, PUT, DELETE, OPTIONS
Access-Control-Expose-Headers: ETag, X-RateLimit-Limit, X-RateLimit-Remaining, X-RateLimit-Reset, Retry-After, Content-Length, Content-Range
Cache-Control: public, max-age=7200
Content-Encoding: gzip
Vary: Accept-Encoding
X-Cache: Hit from cloudfront
Via: 1.1 18572e89ca99b00275cf6291940e9691.cloudfront.net (CloudFront)
X-Amz-Cf-Pop: BOG50-C1
X-Amz-Cf-Id: xlXcUeSn6HP4eQt44_P7efLIoV5PovcXDx9CejL9Z7RIn41u-WTcmg==
Age: 635

{
    "profiles": [
        {
            "iso_639_1": null,
            "width": 600,
            "height": 900,
            "vote_count": 0,
            "vote_average": 0,
            "file_path": "/4wOePXDww8YAKOwhBBCFScpPKCa.jpg",
            "aspect_ratio": 0.66666666666667
        },
        {
            "iso_639_1": null,
            "width": 1250,
            "height": 1875,
            "vote_count": 0,
            "vote_average": 0,
            "file_path": "/13tAX6YZr3F1PGbMrfKo0IE55Cl.jpg",
            "aspect_ratio": 0.66666666666667
        },
        {
            "iso_639_1": null,
            "width": 2000,
            "height": 3000,
            "vote_count": 0,
            "vote_average": 0,
            "file_path": "/fe4mUSp0XotA6Ku4Bs69Q9o2lqU.jpg",
            "aspect_ratio": 0.66666666666667
        }
    ],
    "id": 12
}
]]></system-out>
  </testcase>
  <testcase name="getLatest" classname="Tests.PeopleTest" time="0.163">
    <system-out><![CDATA[HTTP/1.1 200 OK
Content-Type: application/json;charset=utf-8
Content-Length: 218
Connection: keep-alive
Date: Mon, 31 Aug 2020 22:07:38 GMT
Server: openresty
Access-Control-Allow-Origin: *
Access-Control-Allow-Methods: GET, HEAD, POST, PUT, DELETE, OPTIONS
Access-Control-Expose-Headers: ETag, X-RateLimit-Limit, X-RateLimit-Remaining, X-RateLimit-Reset, Retry-After, Content-Length, Content-Range
Cache-Control: public, max-age=0
x-memc: MISS
x-memc-key: 5d0190764afdfd8d92793429f1d33b16
x-memc-age: 0
x-memc-expires: 0
ETag: W/"8916bf8a9376e4509c917f94aaf03adc"
Last-Modified: Mon, 31 Aug 2020 22:07:38 GMT
X-Cache: Miss from cloudfront
Via: 1.1 16d89e56d3911835c00d1190c5b55a92.cloudfront.net (CloudFront)
X-Amz-Cf-Pop: BOG50-C1
X-Amz-Cf-Id: sEZmWwqgtwZL1RX6jszvqT5UJwvqqh_7FeyM_U2siQLGZdmt2Vo1rw==

{
    "adult": false,
    "also_known_as": [
        
    ],
    "biography": "",
    "birthday": null,
    "deathday": null,
    "gender": 0,
    "homepage": null,
    "id": 2761967,
    "imdb_id": null,
    "name": "Alex Tugushin",
    "place_of_birth": null,
    "popularity": 0.0,
    "profile_path": null
}
]]></system-out>
  </testcase>
  <testcase name="getPopular" classname="Tests.PeopleTest" time="9.519">
    <system-out><![CDATA[HTTP/1.1 200 OK
Content-Type: application/json;charset=utf-8
Transfer-Encoding: chunked
Connection: keep-alive
Date: Mon, 31 Aug 2020 21:57:04 GMT
Server: openresty
Access-Control-Allow-Origin: *
Access-Control-Allow-Methods: GET, HEAD, POST, PUT, DELETE, OPTIONS
Access-Control-Expose-Headers: ETag, X-RateLimit-Limit, X-RateLimit-Remaining, X-RateLimit-Reset, Retry-After, Content-Length, Content-Range
Cache-Control: public, max-age=21600
Content-Encoding: gzip
Vary: Accept-Encoding
X-Cache: Hit from cloudfront
Via: 1.1 9ed8916b9feb65549f1dda4f6da86046.cloudfront.net (CloudFront)
X-Amz-Cf-Pop: BOG50-C1
X-Amz-Cf-Id: 8j19GLAkkvnQu4Wf3aFXe7sq0MTmCIfQpIfQvm1e8YdocJiZI2vaoQ==
Age: 634

{
    "page": 1,
    "total_results": 10000,
    "total_pages": 500,
    "results": [
        {
            "popularity": 71.895,
            "known_for_department": "Acting",
            "name": "Tessa Hoder",
            "id": 2263933,
            "profile_path": "/oBfjVOzILe9OnYOl3kuIl698GNY.jpg",
            "adult": false,
            "known_for": [
                {
                    "poster_path": "/uWC8vrvERAjKu7ecT1Tuu6ohKSh.jpg",
                    "vote_count": 7,
                    "video": false,
                    "media_type": "movie",
                    "id": 571683,
                    "adult": false,
                    "backdrop_path": "/zgl7RIABM0HybST6frkyC47pGQO.jpg",
                    "original_language": "da",
                    "original_title": "Selvhenter",
                    "genre_ids": [
                        35
                    ],
                    "title": "Heavy Load",
                    "vote_average": 6.6,
                    "overview": "The two estranged brothers Emil and Magnus travel to Spain to bring home the body of their drunken and now dead father. What Emil doesn’t know is that Magnus has only agreed to go because of their father’s valuable Rolex watch which can save his bleeding finances. But when it turns out the transportation of the body will cost more than 10,000 Euro, Magnus convinces his reluctant little brother to run away with the body hidden in a roof box on top of a way too small rental car. Soon the two brothers find themselves on a wild escape from the police, and their father’s last trip forces them to face their own problems.",
                    "release_date": "2019-03-07"
                },
                {
                    "original_name": "Den som dræber - Fanget af mørket",
                    "id": 87542,
                    "media_type": "tv",
                    "name": "Darkness: Those Who Kill",
                    "vote_count": 6,
                    "vote_average": 8.7,
                    "first_air_date": "2019-02-22",
                    "poster_path": "/6bstsCJ5JdAZ38nhmhv5dwzjibm.jpg",
                    "genre_ids": [
                        80
                    ],
                    "original_language": "da",
                    "backdrop_path": "/fUjCQnmMFP6rtEAmBcx3dFiMNDf.jpg",
                    "overview": "Investigator Jan and profiler Louise constantly move around in the thrilling periphery of a murderer's view as they link a series of killings.",
                    "origin_country": [
                        "DK"
                    ]
                },
                {
                    "original_name": "Ondt i Røven",
                    "id": 87545,
                    "media_type": "tv",
                    "name": "Ondt i Røven",
                    "vote_count": 0,
                    "vote_average": 0,
                    "first_air_date": "2019-02-04",
                    "poster_path": "/dL56ODSZEv4YyD08K24W1UukNBV.jpg",
                    "genre_ids": [
                        18
                    ],
                    "original_language": "da",
                    "backdrop_path": "/kusfD6xOPmSLTqPArNLbKZLhVxk.jpg",
                    "overview": "Tessa is enthralled by the Copenhagen queer community, after she moves onto a couch in the collective \"The soft core\". Here a new world opens to Tessa, who begins questioning herself and her life, while she eagerly struggles to fit in. It turns out not being too easy; in the queer community she looks too straight, is too privileged and ignorant, but among her hetero friends she's too queer. Sometimes you have find your community to find yourself.",
                    "origin_country": [
                        
                    ]
                }
            ],
            "gender": 1
        },
        {
            "popularity": 64.282,
            "known_for_department": "Acting",
            "name": "Norihiko Tsukuda",
            "id": 2737208,
            "profile_path": "/uK6VFijydPDJMuBQ7koJtNl2dm6.jpg",
            "adult": false,
            "known_for": [
                {
                    "original_name": "半沢直樹",
                    "genre_ids": [
                        18
                    ],
                    "media_type": "tv",
                    "name": "Hanzawa Naoki",
                    "origin_country": [
                        "JP"
                    ],
                    "vote_count": 13,
                    "first_air_date": "2013-07-07",
                    "backdrop_path": "/rhQo6vxXe6RdOCN73vbIFK1PeNG.jpg",
                    "original_language": "ja",
                    "id": 55925,
                    "vote_average": 8.4,
                    "overview": "Hanzawa Naoki (Sakai Masato) works as a loan manager at the Osaka Nishi branch of Tokyo Central Bank. One day, Hanzawa makes a loan contract for 500 million yen with Nishi Osaka Steel Company. Hanzawa didn't want to approve the loan, but he had to due to the branch manager's order. Nishi Osaka Steel Company seems financially stable, but the company actually hides massive amounts of debt through fraudulent accounts. The company is caught. Three months later, Nishi Osaka Steel Company goes bankrupt. The bank's branch manager is Asano. He is an ambitious man and tries to shift the blame to Hanzawa. Hanzawa then attends an inquiry about the loan failure at the bank's headquarters in Tokyo. Hanzawa denies fault and promises to retrieve the 500 million yen loan. He did this because it's the only way for Hanzawa to survive as a banker.",
                    "poster_path": "/uZmJ1dhfxzVqmvhACY7io0chcJs.jpg"
                }
            ],
            "gender": 0
        },
        {
            "popularity": 49.422,
            "known_for_department": "Acting",
            "name": "Scarlett Johansson",
            "id": 1245,
            "profile_path": "/6NsMbJXRlDZuDzatN2akFdGuTvx.jpg",
            "adult": false,
            "known_for": [
                {
                    "vote_count": 23019,
                    "id": 24428,
                    "video": false,
                    "media_type": "movie",
                    "vote_average": 7.7,
                    "title": "The Avengers",
                    "release_date": "2012-04-25",
                    "original_language": "en",
                    "original_title": "The Avengers",
                    "genre_ids": [
                        878,
                        28,
                        12
                    ],
                    "backdrop_path": "/kwUQFeFXOOpgloMgZaadhzkbTI4.jpg",
                    "adult": false,
                    "overview": "When an unexpected enemy emerges and threatens global safety and security, Nick Fury, director of the international peacekeeping agency known as S.H.I.E.L.D., finds himself in need of a team to pull the world back from the brink of disaster. Spanning the globe, a daring recruitment effort begins!",
                    "poster_path": "/RYMX2wcKCBAr24UyPD7xwmjaTn.jpg"
                },
                {
                    "poster_path": "/7WsyChQLEftFiDOVTGkv3hFpyyt.jpg",
                    "vote_count": 19466,
                    "video": false,
                    "media_type": "movie",
                    "id": 299536,
                    "adult": false,
                    "backdrop_path": "/bOGkgRGdhrBYJSLpXaxhXVstddV.jpg",
                    "original_language": "en",
                    "original_title": "Avengers: Infinity War",
                    "genre_ids": [
                        28,
                        12,
                        878
                    ],
                    "title": "Avengers: Infinity War",
                    "vote_average": 8.3,
                    "overview": "As the Avengers and their allies have continued to protect the world from threats too large for any one hero to handle, a new danger has emerged from the cosmic shadows: Thanos. A despot of intergalactic infamy, his goal is to collect all six Infinity Stones, artifacts of unimaginable power, and use them to inflict his twisted will on all of reality. Everything the Avengers have fought for has led up to this moment - the fate of Earth and existence itself has never been more uncertain.",
                    "release_date": "2018-04-25"
                },
                {
                    "poster_path": "/rAGiXaUfPzY7CDEyNKUofk3Kw2e.jpg",
                    "vote_count": 16708,
                    "video": false,
                    "media_type": "movie",
                    "id": 271110,
                    "adult": false,
                    "backdrop_path": "/7FWlcZq3r6525LWOcvO9kNWurN1.jpg",
                    "original_language": "en",
                    "original_title": "Captain America: Civil War",
                    "genre_ids": [
                        28,
                        12,
                        878
                    ],
                    "title": "Captain America: Civil War",
                    "vote_average": 7.4,
                    "overview": "Following the events of Age of Ultron, the collective governments of the world pass an act designed to regulate all superhuman activity. This polarizes opinion amongst the Avengers, causing two factions to side with Iron Man or Captain America, which causes an epic battle between former allies.",
                    "release_date": "2016-04-27"
                }
            ],
            "gender": 1
        },
        {
            "popularity": 49.29,
            "known_for_department": "Acting",
            "name": "Dwayne Johnson",
            "id": 18918,
            "profile_path": "/kuqFzlYMc2IrsOyPznMd1FroeGq.jpg",
            "adult": false,
            "known_for": [
                {
                    "poster_path": "/22hqf97LadMvkd4zDi3Bq25xSqD.jpg",
                    "vote_count": 9690,
                    "video": false,
                    "media_type": "movie",
                    "id": 353486,
                    "adult": false,
                    "backdrop_path": "/rz3TAyd5kmiJmozp3GUbYeB5Kep.jpg",
                    "original_language": "en",
                    "original_title": "Jumanji: Welcome to the Jungle",
                    "genre_ids": [
                        28,
                        12,
                        35,
                        14
                    ],
                    "title": "Jumanji: Welcome to the Jungle",
                    "vote_average": 6.8,
                    "overview": "The tables are turned as four teenagers are sucked into Jumanji's world - pitted against rhinos, black mambas and an endless variety of jungle traps and puzzles. To survive, they'll play as characters from the game.",
                    "release_date": "2017-12-09"
                },
                {
                    "poster_path": "/4JeejGugONWpJkbnvL12hVoYEDa.jpg",
                    "vote_count": 8567,
                    "video": false,
                    "media_type": "movie",
                    "id": 277834,
                    "adult": false,
                    "backdrop_path": "/oWU6dgu3RgdSZElkhbZuoPtkWAJ.jpg",
                    "original_language": "en",
                    "original_title": "Moana",
                    "genre_ids": [
                        12,
                        16,
                        35,
                        10751
                    ],
                    "title": "Moana",
                    "vote_average": 7.6,
                    "overview": "In Ancient Polynesia, when a terrible curse incurred by Maui reaches an impetuous Chieftain's daughter's island, she answers the Ocean's call to seek out the demigod to set things right.",
                    "release_date": "2016-11-23"
                },
                {
                    "poster_path": "/n31VRDodbaZxkrZmmzyYSFNVpW5.jpg",
                    "vote_count": 8074,
                    "video": false,
                    "media_type": "movie",
                    "id": 82992,
                    "adult": false,
                    "backdrop_path": "/rF8HkxQ1RlrcPg41gmL5AM56Qxd.jpg",
                    "original_language": "en",
                    "original_title": "Fast & Furious 6",
                    "genre_ids": [
                        28,
                        80,
                        53
                    ],
                    "title": "Fast & Furious 6",
                    "vote_average": 6.8,
                    "overview": "Hobbs has Dominic and Brian reassemble their crew to take down a team of mercenaries: Dominic unexpectedly gets convoluted also facing his presumed deceased girlfriend, Letty.",
                    "release_date": "2013-05-21"
                }
            ],
            "gender": 2
        },
        {
            "popularity": 42.218,
            "known_for_department": "Acting",
            "name": "Esther Acebo",
            "id": 1972707,
            "profile_path": "/mwCGuJJNfwY5MdeY3INVHaZWR5A.jpg",
            "adult": false,
            "known_for": [
                {
                    "original_name": "La casa de papel",
                    "genre_ids": [
                        80,
                        18
                    ],
                    "media_type": "tv",
                    "name": "Money Heist",
                    "origin_country": [
                        "ES"
                    ],
                    "vote_count": 8885,
                    "first_air_date": "2017-05-02",
                    "backdrop_path": "/xGexTKCJDkl12dTW4YCBDXWb1AD.jpg",
                    "original_language": "es",
                    "id": 71446,
                    "vote_average": 8.4,
                    "overview": "To carry out the biggest heist in history, a mysterious man called The Professor recruits a band of eight robbers who have a single characteristic: none of them has anything to lose. Five months of seclusion - memorizing every step, every detail, every probability - culminate in eleven days locked up in the National Coinage and Stamp Factory of Spain, surrounded by police forces and with dozens of hostages in their power, to find out whether their suicide wager will lead to everything or nothing.",
                    "poster_path": "/MoEKaPFHABtA1xKoOteirGaHl1.jpg"
                },
                {
                    "poster_path": "/AboUXTrDWEi0PuZUqaft0iwBTm7.jpg",
                    "vote_count": 380,
                    "video": false,
                    "media_type": "movie",
                    "id": 689249,
                    "adult": false,
                    "backdrop_path": "/yEBBtk1eyZltGgJt8Z2zi3KIvvX.jpg",
                    "original_language": "es",
                    "original_title": "La casa de papel: El fenómeno",
                    "genre_ids": [
                        99
                    ],
                    "title": "Money Heist: The Phenomenon",
                    "vote_average": 7.7,
                    "overview": "A documentary on why and how 'Money Heist' sparked a wave of enthusiasm around the world for a lovable group of thieves and their professor.",
                    "release_date": "2020-04-03"
                },
                {
                    "original_name": "Antes de perder",
                    "id": 87421,
                    "name": "Antes de perder",
                    "media_type": "tv",
                    "vote_count": 1,
                    "vote_average": 9,
                    "first_air_date": "2019-03-07",
                    "poster_path": "/4B5gQUf9YJ47D2zSKNgI07RoPUr.jpg",
                    "genre_ids": [
                        35,
                        10759
                    ],
                    "original_language": "es",
                    "backdrop_path": "/sOILcQ3bQlr47DBnGygBVSYdNai.jpg",
                    "overview": "",
                    "origin_country": [
                        "ES"
                    ]
                }
            ],
            "gender": 1
        },
        {
            "popularity": 42.002,
            "known_for_department": "Acting",
            "name": "Henry Cavill",
            "id": 73968,
            "profile_path": "/hErUwonrQgY5Y7RfxOfv8Fq11MB.jpg",
            "adult": false,
            "known_for": [
                {
                    "poster_path": "/5UsK3grJvtQrtzEgqNlDljJW96w.jpg",
                    "vote_count": 13779,
                    "video": false,
                    "media_type": "movie",
                    "id": 209112,
                    "adult": false,
                    "backdrop_path": "/doiUtOHzcxXFl0GVQ2n8Ay6Pirx.jpg",
                    "original_language": "en",
                    "original_title": "Batman v Superman: Dawn of Justice",
                    "genre_ids": [
                        28,
                        12,
                        14
                    ],
                    "title": "Batman v Superman: Dawn of Justice",
                    "vote_average": 5.9,
                    "overview": "Fearing the actions of a god-like Super Hero left unchecked, Gotham City’s own formidable, forceful vigilante takes on Metropolis’s most revered, modern-day savior, while the world wrestles with what sort of hero it really needs. And with Batman and Superman at war with one another, a new threat quickly arises, putting mankind in greater danger than it’s ever known before.",
                    "release_date": "2016-03-23"
                },
                {
                    "poster_path": "/7rIPjn5TUK04O25ZkMyHrGNPgLx.jpg",
                    "vote_count": 11313,
                    "video": false,
                    "media_type": "movie",
                    "id": 49521,
                    "adult": false,
                    "backdrop_path": "/69EFgWWPFWbRNHmQgYdSnyJ94Ge.jpg",
                    "original_language": "en",
                    "original_title": "Man of Steel",
                    "genre_ids": [
                        28,
                        12,
                        14,
                        878
                    ],
                    "title": "Man of Steel",
                    "vote_average": 6.5,
                    "overview": "A young boy learns that he has extraordinary powers and is not of this earth. As a young man, he journeys to discover where he came from and what he was sent here to do. But the hero in him must emerge if he is to save the world from annihilation and become the symbol of hope for all mankind.",
                    "release_date": "2013-06-12"
                },
                {
                    "poster_path": "/eifGNCSDuxJeS1loAXil5bIGgvC.jpg",
                    "vote_count": 9542,
                    "video": false,
                    "media_type": "movie",
                    "id": 141052,
                    "adult": false,
                    "backdrop_path": "/jorgjEk6a0bed6jdR5wu4S6ZvRm.jpg",
                    "original_language": "en",
                    "original_title": "Justice League",
                    "genre_ids": [
                        28,
                        12,
                        14,
                        878
                    ],
                    "title": "Justice League",
                    "vote_average": 6.2,
                    "overview": "Fuelled by his restored faith in humanity and inspired by Superman's selfless act, Bruce Wayne and Diana Prince assemble a team of metahumans consisting of Barry Allen, Arthur Curry and Victor Stone to face the catastrophic threat of Steppenwolf and the Parademons who are on the hunt for three Mother Boxes on Earth.",
                    "release_date": "2017-11-15"
                }
            ],
            "gender": 2
        },
        {
            "popularity": 39.864,
            "known_for_department": "Acting",
            "gender": 1,
            "id": 1949148,
            "profile_path": "/fbXZxpfIYjN0uexfAELkOVPx1bi.jpg",
            "adult": false,
            "known_for": [
                {
                    "poster_path": "/qVCZtwBGls866wBb4PAfYtAjyr8.jpg",
                    "id": 254,
                    "vote_count": 5415,
                    "video": false,
                    "media_type": "movie",
                    "adult": false,
                    "backdrop_path": "/mRM2NB0i3wv4HqxXvwIjEVi4Qqq.jpg",
                    "genre_ids": [
                        12,
                        18,
                        28
                    ],
                    "original_title": "King Kong",
                    "original_language": "en",
                    "title": "King Kong",
                    "vote_average": 6.8,
                    "overview": "In 1933 New York, an overly ambitious movie producer coerces his cast and hired ship crew to travel to mysterious Skull Island, where they encounter Kong, a giant ape who is immediately smitten with the leading lady.",
                    "release_date": "2005-12-12"
                },
                {
                    "original_name": "Spartacus",
                    "vote_count": 1030,
                    "poster_path": "/bJXpunSgBIw2zVbKYNFWrOPGX50.jpg",
                    "media_type": "tv",
                    "name": "Spartacus",
                    "vote_average": 7.9,
                    "id": 46296,
                    "first_air_date": "2010-01-22",
                    "original_language": "en",
                    "genre_ids": [
                        18
                    ],
                    "backdrop_path": "/jNK1APlyz0CZ8Z8InRwcnHdxSIS.jpg",
                    "overview": "Spartacus is an American television series inspired by the historical figure of Spartacus, a Thracian gladiator who from 73 to 71 BCE led a major slave uprising against the Roman Republic departing from Capua.",
                    "origin_country": [
                        "US"
                    ]
                },
                {
                    "release_date": "2014-02-06",
                    "id": 260203,
                    "vote_count": 21,
                    "video": false,
                    "media_type": "movie",
                    "vote_average": 4.5,
                    "title": "The Cure",
                    "genre_ids": [
                        28,
                        878,
                        53
                    ],
                    "original_title": "The Cure",
                    "original_language": "en",
                    "adult": false,
                    "backdrop_path": "/7oqncmSKrTefQ7NHDimVUwWbbse.jpg",
                    "overview": "When a young female scientist discovers that the pharmaceutical company she works for had developed a cure for cancer years earlier, she attempts to release it to the world. Knowing that they make more money from chemotherapy drugs than the cure, the company does everything it can to stop her.",
                    "poster_path": "/pgEw2gAQz9jicsHt96pBqB0scay.jpg"
                }
            ],
            "name": "Laura Surrich"
        },
        {
            "popularity": 38.1,
            "known_for_department": "Acting",
            "gender": 2,
            "id": 6384,
            "profile_path": "/d9HyjGMCt4wgJIOxAGlaYWhKsiN.jpg",
            "adult": false,
            "known_for": [
                {
                    "release_date": "1999-03-30",
                    "id": 603,
                    "vote_count": 17655,
                    "video": false,
                    "media_type": "movie",
                    "vote_average": 8.1,
                    "title": "The Matrix",
                    "genre_ids": [
                        28,
                        878
                    ],
                    "original_title": "The Matrix",
                    "original_language": "en",
                    "adult": false,
                    "backdrop_path": "/fNG7i7RqMErkcqhohV2a6cV1Ehy.jpg",
                    "overview": "Set in the 22nd century, The Matrix tells the story of a computer hacker who joins a group of underground insurgents fighting the vast and powerful computers who now rule the earth.",
                    "poster_path": "/f89U3ADr1oiB1s9GkdPOEpXUk5H.jpg"
                },
                {
                    "release_date": "2014-10-22",
                    "id": 245891,
                    "vote_count": 13134,
                    "video": false,
                    "media_type": "movie",
                    "vote_average": 7.3,
                    "title": "John Wick",
                    "genre_ids": [
                        28,
                        53
                    ],
                    "original_title": "John Wick",
                    "original_language": "en",
                    "adult": false,
                    "backdrop_path": "/7dzngS8pLkGJpyeskCFcjPO9qLF.jpg",
                    "overview": "Ex-hitman John Wick comes out of retirement to track down the gangsters that took everything from him.",
                    "poster_path": "/h3VxEVUOoBZmo79O8RqKvyGiqmE.jpg"
                },
                {
                    "release_date": "2017-02-08",
                    "id": 324552,
                    "vote_count": 8201,
                    "video": false,
                    "media_type": "movie",
                    "vote_average": 7.2,
                    "title": "John Wick: Chapter 2",
                    "genre_ids": [
                        28,
                        80,
                        53
                    ],
                    "original_title": "John Wick: Chapter 2",
                    "original_language": "en",
                    "adult": false,
                    "backdrop_path": "/fRLftkwv8jm3DLxXOf2NbngHjPB.jpg",
                    "overview": "John Wick is forced out of retirement by a former associate looking to seize control of a shadowy international assassins’ guild. Bound by a blood oath to aid him, Wick travels to Rome and does battle against some of the world’s most dangerous killers.",
                    "poster_path": "/hXWBc0ioZP3cN4zCu6SN3YHXZVO.jpg"
                }
            ],
            "name": "Keanu Reeves"
        },
        {
            "popularity": 38.06,
            "known_for_department": "Acting",
            "name": "Lyubov Aksyonova",
            "id": 1318905,
            "profile_path": "/yOQX4JPwX1uhMyVT1jJigAk7iUr.jpg",
            "adult": false,
            "known_for": [
                {
                    "vote_count": 260,
                    "id": 438740,
                    "video": false,
                    "media_type": "movie",
                    "vote_average": 7.1,
                    "title": "Salyut-7",
                    "release_date": "2017-09-22",
                    "original_language": "ru",
                    "original_title": "Салют-7",
                    "genre_ids": [
                        28,
                        18,
                        12
                    ],
                    "backdrop_path": "/iQmSFq30zjMJxXfb3GehRaFH5Fp.jpg",
                    "adult": false,
                    "overview": "USSR, June 1985. After contact with the Salyut 7 space station is lost, cosmonauts Vladimir Dzhanibekov and Viktor Savinykh dock with the empty, frozen craft, and bring her back to life. Based on actual events.",
                    "poster_path": "/s2ktgF2ze4aVt9bXBUvxFJllqyd.jpg"
                },
                {
                    "poster_path": "/ijJm0RSeKIr67qkHLtSmtigS6ra.jpg",
                    "vote_count": 165,
                    "video": false,
                    "media_type": "movie",
                    "id": 430155,
                    "adult": false,
                    "backdrop_path": "/8HbqSozBJxv6UldR9lMUECUlbLI.jpg",
                    "original_language": "ru",
                    "original_title": "Кома",
                    "genre_ids": [
                        28,
                        14,
                        878
                    ],
                    "title": "Coma",
                    "vote_average": 6.1,
                    "overview": "A young and talented architect comes to his senses after a horrific accident only to find himself in the odd dystopian world. A world that is filled with the memories of all current coma patients. Just like a human memory this world is fragmental, chaotic and unstable. This is COMA: icecaps, rivers and cities can all exist in a space of a single room and laws of physics are no longer laws as they can be bent.",
                    "release_date": "2019-11-19"
                },
                {
                    "poster_path": "/kwMJqbY9jzFOf3g7UgAquMRt8kF.jpg",
                    "vote_count": 95,
                    "video": false,
                    "media_type": "movie",
                    "id": 497727,
                    "adult": false,
                    "backdrop_path": "/4rkP5l3Nw1htujPXp4cezGkYHDW.jpg",
                    "original_language": "ru",
                    "original_title": "За гранью реальности",
                    "genre_ids": [
                        28,
                        12,
                        14
                    ],
                    "title": "Beyond the Edge",
                    "vote_average": 5.5,
                    "overview": "Contemporary Moscow. A talented gambler gathers a team of people with supernatural powers to win big at a casino. But they find a much stronger mystical rival.",
                    "release_date": "2018-03-01"
                }
            ],
            "gender": 1
        },
        {
            "popularity": 37.696,
            "known_for_department": "Acting",
            "name": "Alba Flores",
            "id": 1283843,
            "profile_path": "/9ExASXw097MyNuSy6N23fpkqpXq.jpg",
            "adult": false,
            "known_for": [
                {
                    "original_name": "La casa de papel",
                    "genre_ids": [
                        80,
                        18
                    ],
                    "media_type": "tv",
                    "name": "Money Heist",
                    "origin_country": [
                        "ES"
                    ],
                    "vote_count": 8907,
                    "first_air_date": "2017-05-02",
                    "backdrop_path": "/xGexTKCJDkl12dTW4YCBDXWb1AD.jpg",
                    "original_language": "es",
                    "id": 71446,
                    "vote_average": 8.4,
                    "overview": "To carry out the biggest heist in history, a mysterious man called The Professor recruits a band of eight robbers who have a single characteristic: none of them has anything to lose. Five months of seclusion - memorizing every step, every detail, every probability - culminate in eleven days locked up in the National Coinage and Stamp Factory of Spain, surrounded by police forces and with dozens of hostages in their power, to find out whether their suicide wager will lead to everything or nothing.",
                    "poster_path": "/MoEKaPFHABtA1xKoOteirGaHl1.jpg"
                },
                {
                    "original_name": "Vis a vis",
                    "genre_ids": [
                        18
                    ],
                    "media_type": "tv",
                    "name": "Locked Up",
                    "origin_country": [
                        "ES"
                    ],
                    "vote_count": 1327,
                    "first_air_date": "2015-04-20",
                    "backdrop_path": "/iukGFUQQWUdgwTGGDLb1Pw3GoZP.jpg",
                    "original_language": "es",
                    "id": 62455,
                    "vote_average": 8.1,
                    "overview": "Set up to take the blame for corporate fraud, young Macarena Ferreiro is locked up in a high-security women's prison surrounded by tough, ruthless criminals in this tense, provocative Spanish thriller.",
                    "poster_path": "/1kH9u5DkoDUuIlhFFWjz9VSlKhC.jpg"
                },
                {
                    "poster_path": "/AboUXTrDWEi0PuZUqaft0iwBTm7.jpg",
                    "vote_count": 380,
                    "video": false,
                    "media_type": "movie",
                    "id": 689249,
                    "adult": false,
                    "backdrop_path": "/yEBBtk1eyZltGgJt8Z2zi3KIvvX.jpg",
                    "original_language": "es",
                    "original_title": "La casa de papel: El fenómeno",
                    "genre_ids": [
                        99
                    ],
                    "title": "Money Heist: The Phenomenon",
                    "vote_average": 7.7,
                    "overview": "A documentary on why and how 'Money Heist' sparked a wave of enthusiasm around the world for a lovable group of thieves and their professor.",
                    "release_date": "2020-04-03"
                }
            ],
            "gender": 1
        },
        {
            "popularity": 36.975,
            "known_for_department": "Acting",
            "gender": 1,
            "id": 109513,
            "profile_path": "/lh5zibQXYH1MNqkuX8TmxyNYHhK.jpg",
            "adult": false,
            "known_for": [
                {
                    "release_date": "2015-05-27",
                    "id": 254128,
                    "vote_count": 6086,
                    "video": false,
                    "media_type": "movie",
                    "vote_average": 6.2,
                    "title": "San Andreas",
                    "genre_ids": [
                        28,
                        18,
                        53
                    ],
                    "original_title": "San Andreas",
                    "original_language": "en",
                    "adult": false,
                    "backdrop_path": "/xYRUnZvUOrAhCw8CrBSLtbVVwNl.jpg",
                    "overview": "In the aftermath of a massive earthquake in California, a rescue-chopper pilot makes a dangerous journey across the state in order to rescue his estranged daughter.",
                    "poster_path": "/2Gfjn962aaFSD6eST6QU3oLDZTo.jpg"
                },
                {
                    "release_date": "2017-05-12",
                    "id": 339846,
                    "vote_count": 5877,
                    "video": false,
                    "media_type": "movie",
                    "vote_average": 6.1,
                    "title": "Baywatch",
                    "genre_ids": [
                        28,
                        35
                    ],
                    "original_title": "Baywatch",
                    "original_language": "en",
                    "adult": false,
                    "backdrop_path": "/6QmX2BDVr1hIOIPHqnxvp1C1ZZp.jpg",
                    "overview": "Devoted lifeguard Mitch Buchannon butts heads with a brash new recruit. Together, they uncover a local criminal plot that threatens the future of the Bay.",
                    "poster_path": "/6HE4xd8zloDqmjMZuhUCCw2UcY1.jpg"
                },
                {
                    "poster_path": "/brzpTyZ5bnM7s53C1KSk1TmrMO6.jpg",
                    "id": 32657,
                    "vote_count": 5332,
                    "video": false,
                    "media_type": "movie",
                    "adult": false,
                    "backdrop_path": "/sEyNWq9985lyUrwayWnvicT4FHA.jpg",
                    "genre_ids": [
                        12,
                        14,
                        10751
                    ],
                    "original_title": "Percy Jackson & the Olympians: The Lightning Thief",
                    "original_language": "en",
                    "title": "Percy Jackson & the Olympians: The Lightning Thief",
                    "vote_average": 6.2,
                    "overview": "Accident prone teenager, Percy discovers he's actually a demi-God, the son of Poseidon, and he is needed when Zeus' lightning is stolen. Percy must master his new found skills in order to prevent a war between the Gods that could devastate the entire world.",
                    "release_date": "2010-02-01"
                }
            ],
            "name": "Alexandra Daddario"
        },
        {
            "popularity": 36.496,
            "known_for_department": "Acting",
            "gender": 2,
            "id": 976,
            "profile_path": "/lldeQ91GwIVff43JBrpdbAAeYWj.jpg",
            "adult": false,
            "known_for": [
                {
                    "release_date": "2013-05-21",
                    "id": 82992,
                    "vote_count": 8079,
                    "video": false,
                    "media_type": "movie",
                    "vote_average": 6.8,
                    "title": "Fast & Furious 6",
                    "genre_ids": [
                        28,
                        80,
                        53
                    ],
                    "original_title": "Fast & Furious 6",
                    "original_language": "en",
                    "adult": false,
                    "backdrop_path": "/rF8HkxQ1RlrcPg41gmL5AM56Qxd.jpg",
                    "overview": "Hobbs has Dominic and Brian reassemble their crew to take down a team of mercenaries: Dominic unexpectedly gets convoluted also facing his presumed deceased girlfriend, Letty.",
                    "poster_path": "/n31VRDodbaZxkrZmmzyYSFNVpW5.jpg"
                },
                {
                    "release_date": "2015-04-01",
                    "id": 168259,
                    "vote_count": 7754,
                    "video": false,
                    "media_type": "movie",
                    "vote_average": 7.3,
                    "title": "Furious 7",
                    "genre_ids": [
                        28,
                        53
                    ],
                    "original_title": "Furious 7",
                    "original_language": "en",
                    "adult": false,
                    "backdrop_path": "/rJEFDdcY41PlxKHZMfARgYfJdr9.jpg",
                    "overview": "Deckard Shaw seeks revenge against Dominic Toretto and his family for his comatose brother.",
                    "poster_path": "/jPFsjmFlTFmpIY41BP3C4sVYOKw.jpg"
                },
                {
                    "release_date": "2017-04-12",
                    "id": 337339,
                    "vote_count": 7575,
                    "video": false,
                    "media_type": "movie",
                    "vote_average": 6.9,
                    "title": "The Fate of the Furious",
                    "genre_ids": [
                        28,
                        80,
                        53
                    ],
                    "original_title": "The Fate of the Furious",
                    "original_language": "en",
                    "adult": false,
                    "backdrop_path": "/60N8iMjm74soK5Hmx0Nxq9bdZFj.jpg",
                    "overview": "When a mysterious woman seduces Dom into the world of crime and a betrayal of those closest to him, the crew face trials that will test them as never before.",
                    "poster_path": "/dImWM7GJqryWJO9LHa3XQ8DD5NH.jpg"
                }
            ],
            "name": "Jason Statham"
        },
        {
            "popularity": 35.945,
            "known_for_department": "Acting",
            "gender": 1,
            "id": 142660,
            "profile_path": "/vgcvazU9vTHBrWacGc5lGKUNECz.jpg",
            "adult": false,
            "known_for": [
                {
                    "original_name": "Dark",
                    "vote_count": 2980,
                    "poster_path": "/apbrbWs8M9lyOpJYU5WXrpFbk1Z.jpg",
                    "media_type": "tv",
                    "name": "Dark",
                    "vote_average": 8.5,
                    "id": 70523,
                    "first_air_date": "2017-12-01",
                    "original_language": "de",
                    "genre_ids": [
                        80,
                        18,
                        9648,
                        10765
                    ],
                    "backdrop_path": "/3lBDg3i6nn5R2NKFCJ6oKyUo2j5.jpg",
                    "overview": "A missing child causes four families to help each other for answers. What they could not imagine is that this mystery would be connected to innumerable other secrets of the small town.",
                    "origin_country": [
                        "DE"
                    ]
                },
                {
                    "release_date": "2020-02-14",
                    "id": 658760,
                    "vote_count": 531,
                    "video": false,
                    "media_type": "movie",
                    "vote_average": 7,
                    "title": "Isi & Ossi",
                    "genre_ids": [
                        35,
                        10749
                    ],
                    "original_title": "Isi & Ossi",
                    "original_language": "de",
                    "adult": false,
                    "backdrop_path": "/2EOy2YSJbzKvlzKpEEKULVYZGlN.jpg",
                    "overview": "Isi and Ossi couldn't be any more different: She's a billionaire's daughter from Heidelberg, he's a struggling boxer from the nearby town of Mannheim. But when Isi meets Ossi, the two quickly realize that they can take advantage of one another: She dates the broke boxer to provoke her parents and get them to fund a long-desired chef training in New York. He tries to rip off the rich daughter to finance his first professional boxing match. Their plans soon develop into emotional chaos that challenges everything the two believe to know about money, career and love.",
                    "poster_path": "/bZ7H0kCwEM6CQ0dyCs2H4RkU130.jpg"
                },
                {
                    "release_date": "2011-09-20",
                    "vote_count": 144,
                    "video": false,
                    "media_type": "movie",
                    "id": 73262,
                    "vote_average": 5.5,
                    "title": "Hell",
                    "original_language": "de",
                    "original_title": "Hell",
                    "genre_ids": [
                        27,
                        9648,
                        878,
                        53
                    ],
                    "adult": false,
                    "overview": "In 2016 the sun has turned the entire world into a scorched and barren wasteland. The humans who have survived are either resourceful or violent, and sometimes both. Marie, her little sister Leonie, and best friend Phillip, are in a car headed to the mountains - rumor has it there is water there. Along the way they meet Tom, a first-rate mechanic. But can they trust him? Fraught with deep distrust, the group is lured into an ambush where their real battle for survival begins.",
                    "poster_path": "/fV97pxlmMfWPMSsYumj6Yghgi62.jpg"
                }
            ],
            "name": "Lisa Vicari"
        },
        {
            "popularity": 35.841,
            "known_for_department": "Acting",
            "gender": 0,
            "id": 1991255,
            "profile_path": "/xtHxMzdkuR0BP11kiKCpx95mg6D.jpg",
            "adult": false,
            "known_for": [
                {
                    "original_name": "Elimi Birakma",
                    "id": 80229,
                    "origin_country": [
                        "TR"
                    ],
                    "name": "Elimi Birakma",
                    "backdrop_path": "/lDbRMHVAGdkySaabD7KyyEbouoG.jpg",
                    "original_language": "tr",
                    "first_air_date": "2018-07-22",
                    "genre_ids": [
                        18
                    ],
                    "vote_count": 4,
                    "media_type": "tv",
                    "vote_average": 10,
                    "overview": "",
                    "poster_path": "/v4mhRAhCh8JYUqN7YdiHwZ61r0Y.jpg"
                },
                {
                    "original_name": "Fazilet Hanım ve Kızları",
                    "vote_count": 4,
                    "poster_path": "/hJe1m8eKqb14xE0ers6dAZm1QrS.jpg",
                    "media_type": "tv",
                    "name": "Mrs. Fazilet and Her Daughters",
                    "vote_average": 9.3,
                    "id": 76560,
                    "first_air_date": "2017-03-25",
                    "original_language": "tr",
                    "genre_ids": [
                        18
                    ],
                    "backdrop_path": "/A4V6jJNHNNvMdICvs3CaH70zIvh.jpg",
                    "overview": "The story of Fazilet, mother of Hazan and Ece, eager to make money using the modeling skills of her younger daughter, Ece. While Hazan pursues a career as a coach in sports, far from her mother's wishes and falls in love with a rich spoiled man.",
                    "origin_country": [
                        "TR"
                    ]
                },
                {
                    "original_name": "Zümrüdüanka",
                    "vote_count": 0,
                    "media_type": "tv",
                    "poster_path": "/f5GAhc1hiaVRu39XF1a0bOg83cg.jpg",
                    "name": "Zümrüdüanka",
                    "first_air_date": "2020-01-25",
                    "id": 98633,
                    "original_language": "tr",
                    "genre_ids": [
                        18,
                        10751
                    ],
                    "vote_average": 0,
                    "overview": "",
                    "origin_country": [
                        "TR"
                    ]
                }
            ],
            "name": "Alp Navruz"
        },
        {
            "popularity": 35.489,
            "known_for_department": "Acting",
            "gender": 2,
            "id": 1136406,
            "profile_path": "/ip7aXVH8s6wXv8cY6KI14OZgCI8.jpg",
            "adult": false,
            "known_for": [
                {
                    "release_date": "2018-04-25",
                    "id": 299536,
                    "vote_count": 19486,
                    "video": false,
                    "media_type": "movie",
                    "vote_average": 8.3,
                    "title": "Avengers: Infinity War",
                    "genre_ids": [
                        28,
                        12,
                        878
                    ],
                    "original_title": "Avengers: Infinity War",
                    "original_language": "en",
                    "adult": false,
                    "backdrop_path": "/bOGkgRGdhrBYJSLpXaxhXVstddV.jpg",
                    "overview": "As the Avengers and their allies have continued to protect the world from threats too large for any one hero to handle, a new danger has emerged from the cosmic shadows: Thanos. A despot of intergalactic infamy, his goal is to collect all six Infinity Stones, artifacts of unimaginable power, and use them to inflict his twisted will on all of reality. Everything the Avengers have fought for has led up to this moment - the fate of Earth and existence itself has never been more uncertain.",
                    "poster_path": "/7WsyChQLEftFiDOVTGkv3hFpyyt.jpg"
                },
                {
                    "release_date": "2016-04-27",
                    "id": 271110,
                    "vote_count": 16714,
                    "video": false,
                    "media_type": "movie",
                    "vote_average": 7.4,
                    "title": "Captain America: Civil War",
                    "genre_ids": [
                        28,
                        12,
                        878
                    ],
                    "original_title": "Captain America: Civil War",
                    "original_language": "en",
                    "adult": false,
                    "backdrop_path": "/7FWlcZq3r6525LWOcvO9kNWurN1.jpg",
                    "overview": "Following the events of Age of Ultron, the collective governments of the world pass an act designed to regulate all superhuman activity. This polarizes opinion amongst the Avengers, causing two factions to side with Iron Man or Captain America, which causes an epic battle between former allies.",
                    "poster_path": "/rAGiXaUfPzY7CDEyNKUofk3Kw2e.jpg"
                },
                {
                    "release_date": "2017-07-05",
                    "id": 315635,
                    "vote_count": 14779,
                    "video": false,
                    "media_type": "movie",
                    "vote_average": 7.4,
                    "title": "Spider-Man: Homecoming",
                    "genre_ids": [
                        28,
                        12,
                        18,
                        878
                    ],
                    "original_title": "Spider-Man: Homecoming",
                    "original_language": "en",
                    "adult": false,
                    "backdrop_path": "/lAsr1ytUq0ATWdCbcjf59pupPFy.jpg",
                    "overview": "Following the events of Captain America: Civil War, Peter Parker, with the help of his mentor Tony Stark, tries to balance his life as an ordinary high school student in Queens, New York City, with fighting crime as his superhero alter ego Spider-Man as a new threat, the Vulture, emerges.",
                    "poster_path": "/c24sv2weTHPsmDa7jEMN0m2P3RT.jpg"
                }
            ],
            "name": "Tom Holland"
        },
        {
            "popularity": 35.079,
            "known_for_department": "Acting",
            "name": "Samara Weaving",
            "id": 1372369,
            "profile_path": "/7sHnBVEiJOzjdfzUHo9vvDLkoCH.jpg",
            "adult": false,
            "known_for": [
                {
                    "vote_count": 6970,
                    "id": 359940,
                    "video": false,
                    "media_type": "movie",
                    "vote_average": 8.1,
                    "title": "Three Billboards Outside Ebbing, Missouri",
                    "release_date": "2017-11-10",
                    "original_language": "en",
                    "original_title": "Three Billboards Outside Ebbing, Missouri",
                    "genre_ids": [
                        80,
                        18
                    ],
                    "backdrop_path": "/bJLJAtGjBj836UjJZNOwgrfe5Ps.jpg",
                    "adult": false,
                    "overview": "After seven months have passed without a culprit in her daughter's murder case, Mildred Hayes makes a bold move, painting three signs leading into her town with a controversial message directed at Bill Willoughby, the town's revered chief of police. When his second-in-command Officer Jason Dixon, an immature mother's boy with a penchant for violence, gets involved, the battle between Mildred and Ebbing's law enforcement is only exacerbated.",
                    "poster_path": "/vgvw6w1CtcFkuXXn004S5wQsHRl.jpg"
                },
                {
                    "poster_path": "/86a7GRVRCwfl7wdI4QadyvKa6Zu.jpg",
                    "vote_count": 2091,
                    "video": false,
                    "media_type": "movie",
                    "id": 419479,
                    "adult": false,
                    "backdrop_path": "/tBhkqRxbANdYRhv7mLHfKEMcOZF.jpg",
                    "original_language": "en",
                    "original_title": "The Babysitter",
                    "genre_ids": [
                        35,
                        27
                    ],
                    "title": "The Babysitter",
                    "vote_average": 6,
                    "overview": "When Cole stays up past his bedtime, he discovers that his hot babysitter is part of a Satanic cult that will stop at nothing to keep him quiet.",
                    "release_date": "2017-10-13"
                },
                {
                    "poster_path": "/vOl6shtL0wknjaIs6JdKCpcHvg8.jpg",
                    "vote_count": 1980,
                    "video": false,
                    "media_type": "movie",
                    "id": 567609,
                    "adult": false,
                    "backdrop_path": "/j8uPZSPjKYzHlN2B4NhPQVWWZ5x.jpg",
                    "original_language": "en",
                    "original_title": "Ready or Not",
                    "genre_ids": [
                        35,
                        27,
                        9648,
                        53
                    ],
                    "title": "Ready or Not",
                    "vote_average": 7,
                    "overview": "A bride's wedding night takes a sinister turn when her eccentric new in-laws force her to take part in a terrifying game.",
                    "release_date": "2019-08-21"
                }
            ],
            "gender": 1
        },
        {
            "popularity": 34.588,
            "known_for_department": "Acting",
            "gender": 2,
            "id": 500,
            "profile_path": "/gThaIXgpCm3PCiXwFNDBJCme85y.jpg",
            "adult": false,
            "known_for": [
                {
                    "release_date": "2014-05-27",
                    "id": 137113,
                    "vote_count": 9771,
                    "video": false,
                    "media_type": "movie",
                    "vote_average": 7.6,
                    "title": "Edge of Tomorrow",
                    "genre_ids": [
                        28,
                        878
                    ],
                    "original_title": "Edge of Tomorrow",
                    "original_language": "en",
                    "adult": false,
                    "backdrop_path": "/auZIuHEUec5tBTns3tCRXfayxZq.jpg",
                    "overview": "Major Bill Cage is an officer who has never seen a day of combat when he is unceremoniously demoted and dropped into combat. Cage is killed within minutes, managing to take an alpha alien down with him. He awakens back at the beginning of the same day and is forced to fight and die again... and again - as physical contact with the alien has thrown him into a time loop.",
                    "poster_path": "/uUHvlkLavotfGsNtosDy8ShsIYF.jpg"
                },
                {
                    "release_date": "2013-04-10",
                    "id": 75612,
                    "vote_count": 8011,
                    "video": false,
                    "media_type": "movie",
                    "vote_average": 6.6,
                    "title": "Oblivion",
                    "genre_ids": [
                        28,
                        12,
                        9648,
                        878
                    ],
                    "original_title": "Oblivion",
                    "original_language": "en",
                    "adult": false,
                    "backdrop_path": "/Pv6vu1lxgct3GWhUXVVOMZwNlZ.jpg",
                    "overview": "Jack Harper is one of the last few drone repairmen stationed on Earth.  Part of a massive operation to extract vital resources after decades of war with a terrifying threat known as the Scavs, Jack’s mission is nearly complete.  His existence is brought crashing down when he rescues a beautiful  stranger from a downed spacecraft.  Her arrival triggers a chain of events that  forces him to question everything he knows and puts the fate of humanity in his hands.",
                    "poster_path": "/2ncs7hqBsEjFMqt6Y7ShBCO9tWs.jpg"
                },
                {
                    "release_date": "2011-12-07",
                    "id": 56292,
                    "vote_count": 7156,
                    "video": false,
                    "media_type": "movie",
                    "vote_average": 7,
                    "title": "Mission: Impossible - Ghost Protocol",
                    "genre_ids": [
                        28,
                        12,
                        53
                    ],
                    "original_title": "Mission: Impossible - Ghost Protocol",
                    "original_language": "en",
                    "adult": false,
                    "backdrop_path": "/hqyjzDRCs1N5gEsh2gklzPdsEFD.jpg",
                    "overview": "Ethan Hunt and his team are racing against time to track down a dangerous terrorist named Hendricks, who has gained access to Russian nuclear launch codes and is planning a strike on the United States. An attempt to stop him ends in an explosion causing severe destruction to the Kremlin and the IMF to be implicated in the bombing, forcing the President to disavow them. No longer being aided by the government, Ethan and his team chase Hendricks around the globe, although they might still be too late to stop a disaster.",
                    "poster_path": "/7GCKNRbzcA4rJXAKoE8KS9IDnZP.jpg"
                }
            ],
            "name": "Tom Cruise"
        },
        {
            "popularity": 34.351,
            "known_for_department": "Acting",
            "name": "Rose Byrne",
            "id": 9827,
            "profile_path": "/4oQWCLK7gd6RNKF0WJipJo7TyFP.jpg",
            "adult": false,
            "known_for": [
                {
                    "poster_path": "/2mtQwJKVKQrZgTz49Dizb25eOQQ.jpg",
                    "vote_count": 9755,
                    "video": false,
                    "media_type": "movie",
                    "id": 246655,
                    "adult": false,
                    "backdrop_path": "/2ex2beZ4ssMeOduLD0ILzXKCiep.jpg",
                    "original_language": "en",
                    "original_title": "X-Men: Apocalypse",
                    "genre_ids": [
                        28,
                        12,
                        14,
                        878
                    ],
                    "title": "X-Men: Apocalypse",
                    "vote_average": 6.5,
                    "overview": "After the re-emergence of the world's first mutant, world-destroyer Apocalypse, the X-Men must unite to defeat his extinction level plan.",
                    "release_date": "2016-05-18"
                },
                {
                    "poster_path": "/6fUZkO41K9KrlZByePqzKdJQd45.jpg",
                    "vote_count": 9547,
                    "video": false,
                    "media_type": "movie",
                    "id": 49538,
                    "adult": false,
                    "backdrop_path": "/4Ky8OcB0F7x3PRZQIiFFZyf3eIX.jpg",
                    "original_language": "en",
                    "original_title": "X-Men: First Class",
                    "genre_ids": [
                        28,
                        12,
                        878
                    ],
                    "title": "X-Men: First Class",
                    "vote_average": 7.3,
                    "overview": "Before Charles Xavier and Erik Lensherr took the names Professor X and Magneto, they were two young men discovering their powers for the first time. Before they were arch-enemies, they were closest of friends, working together with other mutants (some familiar, some new), to stop the greatest threat the world has ever known.",
                    "release_date": "2011-06-01"
                },
                {
                    "poster_path": "/oZNPzxqM2s5DyVWab09NTQScDQt.jpg",
                    "vote_count": 9073,
                    "video": false,
                    "media_type": "movie",
                    "id": 1894,
                    "adult": false,
                    "backdrop_path": "/dNt5q68BBkddBxlvrHDa1apyBy8.jpg",
                    "original_language": "en",
                    "original_title": "Star Wars: Episode II - Attack of the Clones",
                    "genre_ids": [
                        28,
                        12,
                        878
                    ],
                    "title": "Star Wars: Episode II - Attack of the Clones",
                    "vote_average": 6.5,
                    "overview": "Following an assassination attempt on Senator Padmé Amidala, Jedi Knights Anakin Skywalker and Obi-Wan Kenobi investigate a mysterious plot that could change the galaxy forever.",
                    "release_date": "2002-05-15"
                }
            ],
            "gender": 1
        },
        {
            "popularity": 34.205,
            "known_for_department": "Acting",
            "name": "Úrsula Corberó",
            "id": 1042728,
            "profile_path": "/wZkK15LnloSAhzs1jxI3AZbR6f0.jpg",
            "adult": false,
            "known_for": [
                {
                    "original_name": "La casa de papel",
                    "genre_ids": [
                        80,
                        18
                    ],
                    "media_type": "tv",
                    "name": "Money Heist",
                    "origin_country": [
                        "ES"
                    ],
                    "vote_count": 8907,
                    "first_air_date": "2017-05-02",
                    "backdrop_path": "/xGexTKCJDkl12dTW4YCBDXWb1AD.jpg",
                    "original_language": "es",
                    "id": 71446,
                    "vote_average": 8.4,
                    "overview": "To carry out the biggest heist in history, a mysterious man called The Professor recruits a band of eight robbers who have a single characteristic: none of them has anything to lose. Five months of seclusion - memorizing every step, every detail, every probability - culminate in eleven days locked up in the National Coinage and Stamp Factory of Spain, surrounded by police forces and with dozens of hostages in their power, to find out whether their suicide wager will lead to everything or nothing.",
                    "poster_path": "/MoEKaPFHABtA1xKoOteirGaHl1.jpg"
                },
                {
                    "poster_path": "/AboUXTrDWEi0PuZUqaft0iwBTm7.jpg",
                    "vote_count": 380,
                    "video": false,
                    "media_type": "movie",
                    "id": 689249,
                    "adult": false,
                    "backdrop_path": "/yEBBtk1eyZltGgJt8Z2zi3KIvvX.jpg",
                    "original_language": "es",
                    "original_title": "La casa de papel: El fenómeno",
                    "genre_ids": [
                        99
                    ],
                    "title": "Money Heist: The Phenomenon",
                    "vote_average": 7.7,
                    "overview": "A documentary on why and how 'Money Heist' sparked a wave of enthusiasm around the world for a lovable group of thieves and their professor.",
                    "release_date": "2020-04-03"
                },
                {
                    "poster_path": "/mhZWzcIvU5ind2q56qDDoDwKZv1.jpg",
                    "vote_count": 201,
                    "video": false,
                    "media_type": "movie",
                    "id": 264729,
                    "adult": false,
                    "backdrop_path": "/lj2yai6uIkP536Oql5dwdXt08oH.jpg",
                    "original_language": "es",
                    "original_title": "Perdiendo el norte",
                    "genre_ids": [
                        35,
                        10749
                    ],
                    "title": "Off Course",
                    "vote_average": 6.1,
                    "overview": "Two young Spanish men, with a university education, are tired of unemployment and decide to move to Germany. But soon they will find out that finding a better living is not as easy as they expected.",
                    "release_date": "2015-03-03"
                }
            ],
            "gender": 1
        },
        {
            "popularity": 34.191,
            "known_for_department": "Acting",
            "name": "Alison Jaye Horowitz",
            "id": 1362223,
            "profile_path": "/iEWtgDu0OweicGOl1rxybzCaota.jpg",
            "adult": false,
            "known_for": [
                {
                    "original_name": "Shameless",
                    "genre_ids": [
                        35,
                        18
                    ],
                    "media_type": "tv",
                    "name": "Shameless",
                    "origin_country": [
                        "US"
                    ],
                    "vote_count": 1075,
                    "first_air_date": "2011-01-09",
                    "backdrop_path": "/1ccgQ6IJyEc8UHPtGeFFeRqMVnc.jpg",
                    "original_language": "en",
                    "id": 34307,
                    "vote_average": 7.9,
                    "overview": "Chicagoan Frank Gallagher is the proud single dad of six smart, industrious, independent kids, who without him would be... perhaps better off. When Frank's not at the bar spending what little money they have, he's passed out on the floor. But the kids have found ways to grow up in spite of him. They may not be like any family you know, but they make no apologies for being exactly who they are.",
                    "poster_path": "/m2gf7SYOq9z30Q1dJFMF51DfrmF.jpg"
                },
                {
                    "original_name": "Unbelievable",
                    "genre_ids": [
                        80,
                        18
                    ],
                    "media_type": "tv",
                    "name": "Unbelievable",
                    "origin_country": [
                        "US"
                    ],
                    "vote_count": 131,
                    "first_air_date": "2019-09-13",
                    "backdrop_path": "/yG5oWkFH8xle6xkD2JB7HWfuSGx.jpg",
                    "original_language": "en",
                    "id": 91275,
                    "vote_average": 8.2,
                    "overview": "A teenager is charged with lying about her rape allegation, but two determined investigative female detectives discover a far more sinister truth.",
                    "poster_path": "/jHOrNJNM03Lsjdw7nsw7TlqBOhd.jpg"
                },
                {
                    "vote_count": 3,
                    "id": 650366,
                    "video": false,
                    "media_type": "movie",
                    "vote_average": 4.3,
                    "title": "Total Freak",
                    "release_date": "2014-05-23",
                    "original_language": "en",
                    "original_title": "Total Freak",
                    "genre_ids": [
                        27
                    ],
                    "backdrop_path": null,
                    "adult": false,
                    "overview": "In this summer camp horror-comedy, a young teen pursues a mean girl and discovers a secret about the lake.",
                    "poster_path": "/lYoD6gBmhtoqGNDxbhyFm9fW4BG.jpg"
                }
            ],
            "gender": 1
        }
    ]
}
]]></system-out>
  </testcase>
</testsuite>