<?xml version="1.0" encoding="UTF-8"?>
<testsuite xmlns:xsi="http://www.w3.org/2001/XMLSchema-instance" xsi:noNamespaceSchemaLocation="https://maven.apache.org/surefire/maven-failsafe-plugin/xsd/failsafe-test-report-3.0.xsd" version="3.0" name="Tests.RateMovieTest" time="0.244" tests="1" errors="0" skipped="0" failures="0">
  <properties>
[...]
</properties>
  <testcase name="rateMovie" classname="Tests.RateMovieTest" time="0.235">
    <system-out><![CDATA[e6c8a3868cb9bf4bad43d263573d5e0cc28c6136
HTTP/1.1 200 OK
Content-Type: application/json;charset=utf-8
Content-Length: 114
Connection: keep-alive
Date: Mon, 31 Aug 2020 22:07:39 GMT
Server: openresty
Access-Control-Allow-Origin: *
Access-Control-Allow-Methods: GET, HEAD, POST, PUT, DELETE, OPTIONS
Access-Control-Expose-Headers: ETag, X-RateLimit-Limit, X-RateLimit-Remaining, X-RateLimit-Reset, Retry-After, Content-Length, Content-Range
cache-control: public, max-age=0
etag: W/"2327a192b6e01256f931ecfb6282e000"
last-modified: Mon, 31 Aug 2020 22:07:39 GMT
X-Cache: Miss from cloudfront
Via: 1.1 bed2eec06f0c35a2391f26eaa5553d43.cloudfront.net (CloudFront)
X-Amz-Cf-Pop: BOG50-C1
X-Amz-Cf-Id: s_ZdVZqeFqoefJFfUsd1CkaaSL9IioKaR1yC4oanT-eVX5ou6wnfYg==

{
    "success": true,
    "expires_at": "2020-08-31 23:07:39 UTC",
    "request_token": "e6c8a3868cb9bf4bad43d263573d5e0cc28c6136"
}
se creo el sesion with login
HTTP/1.1 200 OK
Content-Type: application/json;charset=utf-8
Content-Length: 72
Connection: keep-alive
Date: Mon, 31 Aug 2020 22:07:39 GMT
Server: openresty
Access-Control-Allow-Origin: *
Access-Control-Allow-Methods: GET, HEAD, POST, PUT, DELETE, OPTIONS
Access-Control-Expose-Headers: ETag, X-RateLimit-Limit, X-RateLimit-Remaining, X-RateLimit-Reset, Retry-After, Content-Length, Content-Range
cache-control: public, max-age=0
etag: W/"99f1e219246f46021828fea198915222"
last-modified: Mon, 31 Aug 2020 22:07:39 GMT
X-Cache: Miss from cloudfront
Via: 1.1 19d162d3ed93abff24de66e1e95635fb.cloudfront.net (CloudFront)
X-Amz-Cf-Pop: BOG50-C1
X-Amz-Cf-Id: iN6UfKdLZchRkTujmKlVVcbcVtgvXVhZA-QwoXN0wdwYthLbQ0hIuw==

{
    "success": true,
    "session_id": "b4ede0b10270624982dd975914867071361919e6"
}
se creo el sesion
b4ede0b10270624982dd975914867071361919e6
HTTP/1.1 201 Created
Content-Type: application/json;charset=utf-8
Content-Length: 94
Connection: keep-alive
Date: Mon, 31 Aug 2020 22:07:40 GMT
Server: openresty
Access-Control-Allow-Origin: *
Access-Control-Allow-Methods: GET, HEAD, POST, PUT, DELETE, OPTIONS
Access-Control-Expose-Headers: ETag, X-RateLimit-Limit, X-RateLimit-Remaining, X-RateLimit-Reset, Retry-After, Content-Length, Content-Range
cache-control: public, max-age=0
etag: W/"04302547257ccb7e68844cdd59055002"
last-modified: Mon, 31 Aug 2020 22:07:40 GMT
X-Cache: Miss from cloudfront
Via: 1.1 c9d18591280ab48b39f7a8e685801259.cloudfront.net (CloudFront)
X-Amz-Cf-Pop: BOG50-C1
X-Amz-Cf-Id: ayLsPgCMKNh0eyMmX26ZG2eWyPrOc9bJ8WZsQLGd0QC09mGYBlD0Ng==

{
    "success": true,
    "status_code": 12,
    "status_message": "The item/record was updated successfully."
}
se valoro la pelicula
]]></system-out>
  </testcase>
</testsuite>