<?xml version="1.0" encoding="UTF-8"?>
<testsuite xmlns:xsi="http://www.w3.org/2001/XMLSchema-instance" xsi:noNamespaceSchemaLocation="https://maven.apache.org/surefire/maven-failsafe-plugin/xsd/failsafe-test-report-3.0.xsd" version="3.0" name="Tests.ListTest" time="7.647" tests="3" errors="0" skipped="0" failures="0">
  <properties>
[...]
</properties>
  <testcase name="checkItemStatus" classname="Tests.ListTest" time="4.617">
    <system-out><![CDATA[HTTP/1.1 200 OK
Content-Type: application/json
Content-Length: 31
Connection: keep-alive
Date: Mon, 31 Aug 2020 22:07:34 GMT
Server: openresty
Access-Control-Allow-Origin: *
Access-Control-Allow-Methods: GET, HEAD, POST, PUT, DELETE, OPTIONS
Access-Control-Expose-Headers: ETag, X-RateLimit-Limit, X-RateLimit-Remaining, X-RateLimit-Reset, Retry-After, Content-Length, Content-Range
ETag: W/"8e0f48d2941a504272065fb3beb7feea"
Cache-Control: max-age=0, private, must-revalidate
Last-Modified: Mon, 31 Aug 2020 22:07:34 GMT
X-Cache: Miss from cloudfront
Via: 1.1 19d162d3ed93abff24de66e1e95635fb.cloudfront.net (CloudFront)
X-Amz-Cf-Pop: BOG50-C1
X-Amz-Cf-Id: gL6EfWbWJztkpzjV_CDzZtm71Zw1eBghS_NPhXCuByo81PwiLZXkpg==

{
    "id": null,
    "item_present": true
}
]]></system-out>
  </testcase>
  <testcase name="getListDetails" classname="Tests.ListTest" time="1.446">
    <system-out><![CDATA[HTTP/1.1 200 OK
Content-Type: application/json;charset=utf-8
Transfer-Encoding: chunked
Connection: keep-alive
Server: openresty
Access-Control-Allow-Origin: *
Access-Control-Allow-Methods: GET, HEAD, POST, PUT, DELETE, OPTIONS
Access-Control-Expose-Headers: ETag, X-RateLimit-Limit, X-RateLimit-Remaining, X-RateLimit-Reset, Retry-After, Content-Length, Content-Range
x-memc: MISS
x-memc-key: 87b6fe7e3cf61bd6edd195d1cbad1101
x-memc-age: 0
x-memc-expires: 0
Last-Modified: Mon, 31 Aug 2020 21:56:59 GMT
Content-Encoding: gzip
Date: Mon, 31 Aug 2020 22:07:35 GMT
Cache-Control: public, max-age=0
ETag: W/"4d03cb9ac899cc902b1cce761393b718"
Vary: Accept-Encoding
X-Cache: RefreshHit from cloudfront
Via: 1.1 6494b8966d4a17bbb34d4ca724584a2a.cloudfront.net (CloudFront)
X-Amz-Cf-Pop: BOG50-C1
X-Amz-Cf-Id: 4AAtX0X32v0VxF11aSZbPCg4v8HeSEeKWNkFhJW1IQWfFm6zjYaciA==

{
    "created_by": "travisbell",
    "description": "A list of the films that were nominated at the 2010 Oscars for best picture.",
    "favorite_count": 0,
    "id": "8",
    "items": [
        {
            "vote_count": 21932,
            "popularity": 60.73,
            "id": 19995,
            "video": false,
            "media_type": "movie",
            "vote_average": 7.4,
            "title": "Avatar",
            "release_date": "2009-12-10",
            "original_language": "en",
            "original_title": "Avatar",
            "genre_ids": [
                28,
                12,
                14,
                878
            ],
            "backdrop_path": "/bIL7ENqh1egWTxN41sM2W42JqPc.jpg",
            "adult": false,
            "overview": "In the 22nd century, a paraplegic Marine is dispatched to the moon Pandora on a unique mission, but becomes torn between following orders and protecting an alien civilization.",
            "poster_path": "/6EiRUJpuoeQPghrs3YNktfnqOVh.jpg"
        },
        {
            "poster_path": "/bMgq7VBriuBFknXEe9E9pVBYGZq.jpg",
            "popularity": 25.345,
            "vote_count": 3845,
            "video": false,
            "media_type": "movie",
            "id": 22881,
            "adult": false,
            "backdrop_path": "/hXx7BOsj0B5GHSiqFvAvqAvK4kj.jpg",
            "original_language": "en",
            "original_title": "The Blind Side",
            "genre_ids": [
                18
            ],
            "title": "The Blind Side",
            "vote_average": 7.6,
            "overview": "The story of Michael Oher, a homeless and traumatized boy who became an All American football player and first round NFL draft pick with the help of a caring woman and her family.",
            "release_date": "2009-11-20"
        },
        {
            "vote_count": 6570,
            "popularity": 29.972,
            "id": 17654,
            "video": false,
            "media_type": "movie",
            "vote_average": 7.4,
            "title": "District 9",
            "release_date": "2009-08-05",
            "original_language": "en",
            "original_title": "District 9",
            "genre_ids": [
                878
            ],
            "backdrop_path": "/vR5aTnCCnBrHY33E4robIUmJ4nN.jpg",
            "adult": false,
            "overview": "Thirty years ago, aliens arrive on Earth. Not to conquer or give aid, but to find refuge from their dying planet. Separated from humans in a South African area called District 9, the aliens are managed by Multi-National United, which is unconcerned with the aliens' welfare but will do anything to master their advanced technology. When a company field agent contracts a mysterious virus that begins to alter his DNA, there is only one place he can hide: District 9.",
            "poster_path": "/tuGlQkqLxnodDSk6mp5c2wvxUEd.jpg"
        },
        {
            "vote_count": 884,
            "popularity": 15.944,
            "id": 24684,
            "video": false,
            "media_type": "movie",
            "vote_average": 6.9,
            "title": "An Education",
            "release_date": "2009-10-29",
            "original_language": "en",
            "original_title": "An Education",
            "genre_ids": [
                18,
                10749
            ],
            "backdrop_path": "/4PD0Kc4BGYrYrziCwUPHnESSabZ.jpg",
            "adult": false,
            "overview": "Despite her sheltered upbringing, Jenny is a teen with a bright future; she's smart, pretty, and has aspirations of attending Oxford University. When David, a charming but much older suitor, motors into her life in a shiny automobile, Jenny gets a taste of adult life that she won't soon forget.",
            "poster_path": "/4hFz8pgcveenSp7gmRtscUbKR5R.jpg"
        },
        {
            "poster_path": "/8SwjvOchYljr7tSKpNeHjpyPbg5.jpg",
            "popularity": 26.903,
            "vote_count": 3781,
            "video": false,
            "media_type": "movie",
            "id": 12162,
            "adult": false,
            "backdrop_path": "/off0xgvtfHY82l3MC4mDpCk1APY.jpg",
            "original_language": "en",
            "original_title": "The Hurt Locker",
            "genre_ids": [
                18,
                53,
                10752
            ],
            "title": "The Hurt Locker",
            "vote_average": 7.3,
            "overview": "Forced to play a dangerous game of cat-and-mouse in the chaos of war, an elite Army bomb squad unit must come together in a city where everyone is a potential enemy and every object could be a deadly bomb.",
            "release_date": "2008-10-10"
        },
        {
            "vote_count": 15269,
            "popularity": 37.692,
            "id": 16869,
            "video": false,
            "media_type": "movie",
            "vote_average": 8.2,
            "title": "Inglourious Basterds",
            "release_date": "2009-08-18",
            "original_language": "en",
            "original_title": "Inglourious Basterds",
            "genre_ids": [
                18,
                28,
                53,
                10752
            ],
            "backdrop_path": "/8pEnePgGyfUqj8Qa6d91OZQ6Aih.jpg",
            "adult": false,
            "overview": "In Nazi-occupied France during World War II, a group of Jewish-American soldiers known as \"The Basterds\" are chosen specifically to spread fear throughout the Third Reich by scalping and brutally killing Nazis. The Basterds, lead by Lt. Aldo Raine soon cross paths with a French-Jewish teenage girl who runs a movie theater in Paris which is targeted by the soldiers.",
            "poster_path": "/7sfbEnaARXDDhKm0CZ7D7uc2sbo.jpg"
        },
        {
            "poster_path": "/cY23k6VQsHVfTQIHf7e887iAfq4.jpg",
            "popularity": 20.051,
            "vote_count": 1010,
            "video": false,
            "media_type": "movie",
            "id": 25793,
            "adult": false,
            "backdrop_path": "/uSi5OqbdD4bo6fIO8nd0SENAzIY.jpg",
            "original_language": "en",
            "original_title": "Precious",
            "genre_ids": [
                18
            ],
            "title": "Precious",
            "vote_average": 7.2,
            "overview": "Set in Harlem in 1987, Claireece \"Precious\" Jones is a 16-year-old African American girl born into a life no one would want. She's pregnant for the second time by her absent father; at home, she must wait hand and foot on her mother, an angry woman who abuses her emotionally and physically. School is chaotic and Precious has reached the ninth grade with good marks and a secret--she can't read.",
            "release_date": "2009-11-06"
        },
        {
            "vote_count": 1291,
            "popularity": 13.879,
            "id": 12573,
            "video": false,
            "media_type": "movie",
            "vote_average": 6.8,
            "title": "A Serious Man",
            "release_date": "2009-09-30",
            "original_language": "en",
            "original_title": "A Serious Man",
            "genre_ids": [
                35,
                18
            ],
            "backdrop_path": "/ihwfod79qlBbFpjVQNeXxmX03ql.jpg",
            "adult": false,
            "overview": "It is 1967, and Larry Gopnik, a physics professor at a quiet Midwestern university, has just been informed by his wife Judith that she is leaving him. She has fallen in love with one of his more pompous acquaintances Sy Ableman.",
            "poster_path": "/hvnWxAnMYjQ1mFXYnB9ATiqp6se.jpg"
        },
        {
            "poster_path": "/rIfKIYMbwVlnAXOOaQRsm34GW3S.jpg",
            "popularity": 42.245,
            "vote_count": 14718,
            "video": false,
            "media_type": "movie",
            "id": 14160,
            "adult": false,
            "backdrop_path": "/cyVZKnP64VTrnRPXduFwmCZkxLi.jpg",
            "original_language": "en",
            "original_title": "Up",
            "genre_ids": [
                12,
                16,
                35,
                10751
            ],
            "title": "Up",
            "vote_average": 7.9,
            "overview": "Carl Fredricksen spent his entire life dreaming of exploring the globe and experiencing life to its fullest. But at age 78, life seems to have passed him by, until a twist of fate (and a persistent 8-year old Wilderness Explorer named Russell) gives him a new lease on life.",
            "release_date": "2009-05-28"
        },
        {
            "poster_path": "/wZRNEkDxVDNNVaCPN7jKziMHmk5.jpg",
            "popularity": 19.906,
            "vote_count": 2473,
            "video": false,
            "media_type": "movie",
            "id": 22947,
            "adult": false,
            "backdrop_path": "/vGEzU5mu9UQPnl7N1ehIXtUs0bp.jpg",
            "original_language": "en",
            "original_title": "Up in the Air",
            "genre_ids": [
                18,
                10749
            ],
            "title": "Up in the Air",
            "vote_average": 6.8,
            "overview": "Corporate downsizing expert Ryan Bingham spends his life in planes, airports, and hotels, but just as he’s about to reach a milestone of ten million frequent flyer miles, he meets a woman who causes him to rethink his transient life.",
            "release_date": "2009-09-05"
        }
    ],
    "item_count": 10,
    "iso_639_1": "en",
    "name": "2010 Oscar Nominations for Best Picture - 82nd Academy Awards",
    "poster_path": "/8iwe0iP49A6Gqcv31jBleZDZqI4.jpg"
}
]]></system-out>
  </testcase>
  <testcase name="createList" classname="Tests.ListTest" time="1.492">
    <system-out><![CDATA[6ccc7a502f059f1d97302bd5860f3b3105a832ef
HTTP/1.1 200 OK
Content-Type: application/json;charset=utf-8
Content-Length: 114
Connection: keep-alive
Date: Mon, 31 Aug 2020 22:07:37 GMT
Server: openresty
Access-Control-Allow-Origin: *
Access-Control-Allow-Methods: GET, HEAD, POST, PUT, DELETE, OPTIONS
Access-Control-Expose-Headers: ETag, X-RateLimit-Limit, X-RateLimit-Remaining, X-RateLimit-Reset, Retry-After, Content-Length, Content-Range
cache-control: public, max-age=0
etag: W/"3aea1e90fc2fd110b236f2a776d6c0c1"
last-modified: Mon, 31 Aug 2020 22:07:37 GMT
X-Cache: Miss from cloudfront
Via: 1.1 538648d6b175eaacef2ebee8f528f84e.cloudfront.net (CloudFront)
X-Amz-Cf-Pop: BOG50-C1
X-Amz-Cf-Id: N6SNhBqgeD06C_-I59C4-0Tnxmz6CMJawcOlb49HVscgqPOBU1jp4A==

{
    "success": true,
    "expires_at": "2020-08-31 23:07:36 UTC",
    "request_token": "6ccc7a502f059f1d97302bd5860f3b3105a832ef"
}
se creo el sesion with login
HTTP/1.1 200 OK
Content-Type: application/json;charset=utf-8
Content-Length: 72
Connection: keep-alive
Date: Mon, 31 Aug 2020 22:07:37 GMT
Server: openresty
Access-Control-Allow-Origin: *
Access-Control-Allow-Methods: GET, HEAD, POST, PUT, DELETE, OPTIONS
Access-Control-Expose-Headers: ETag, X-RateLimit-Limit, X-RateLimit-Remaining, X-RateLimit-Reset, Retry-After, Content-Length, Content-Range
cache-control: public, max-age=0
etag: W/"28becd4354970b9e19204398fbc26beb"
last-modified: Mon, 31 Aug 2020 22:07:37 GMT
X-Cache: Miss from cloudfront
Via: 1.1 9c03d20589c567aed3b6de58731132b1.cloudfront.net (CloudFront)
X-Amz-Cf-Pop: BOG50-C1
X-Amz-Cf-Id: yigjqe0CO88QzklnhJyqXoeniGzrUqM5svLG_Lcwa8qecCeG84OkLA==

{
    "success": true,
    "session_id": "aa3ed745d761516e1a2421b5ef7c326f23d9165c"
}
se creo el sesion
aa3ed745d761516e1a2421b5ef7c326f23d9165c
HTTP/1.1 201 Created
Content-Type: application/json
Content-Length: 111
Connection: keep-alive
Date: Mon, 31 Aug 2020 22:07:37 GMT
Server: openresty
Access-Control-Allow-Origin: *
Access-Control-Allow-Methods: GET, HEAD, POST, PUT, DELETE, OPTIONS
Access-Control-Expose-Headers: ETag, X-RateLimit-Limit, X-RateLimit-Remaining, X-RateLimit-Reset, Retry-After, Content-Length, Content-Range
cache-control: public, max-age=0
etag: W/"8c435b16fb3fe98e61f6a425600afd27"
last-modified: Mon, 31 Aug 2020 22:07:37 GMT
X-Cache: Miss from cloudfront
Via: 1.1 16d89e56d3911835c00d1190c5b55a92.cloudfront.net (CloudFront)
X-Amz-Cf-Pop: BOG50-C1
X-Amz-Cf-Id: STGJc1_LQ2iW26LyKYIFBZfLal6DyypR1FdRlcTDPJfKC1Sdf0nW3A==

{
    "status_code": 1,
    "status_message": "The item/record was created successfully.",
    "success": true,
    "list_id": 7057444
}
]]></system-out>
  </testcase>
</testsuite>