-------------------------------------------------------------------------------
Test set: Tests.RateTvEpisodeTest
-------------------------------------------------------------------------------
Tests run: 1, Failures: 1, Errors: 0, Skipped: 0, Time elapsed: 0.364 s <<< FAILURE! - in Tests.RateTvEpisodeTest
Tests.RateTvEpisodeTest.rateTvEpisode  Time elapsed: 0.36 s  <<< FAILURE!
java.lang.AssertionError: 
1 expectation failed.
Expected status code <201> but was <401>.

	at APItestingchallenge@1.0-SNAPSHOT/Tests.RateTvEpisodeTest.rateTvEpisode(RateTvEpisodeTest.java:29)

